#
# A fatal error has been detected by the Java Runtime Environment:
#
#  EXCEPTION_ACCESS_VIOLATION (0xc0000005) at pc=0x0000000000000000, pid=11588, tid=16992
#
# JRE version: OpenJDK Runtime Environment (19.0.1+10) (build 19.0.1+10-21)
# Java VM: OpenJDK 64-Bit Server VM (19.0.1+10-21, mixed mode, sharing, tiered, compressed oops, compressed class ptrs, g1 gc, windows-amd64)
# Problematic frame:
# C  0x0000000000000000
#
# No core dump will be written. Minidumps are not enabled by default on client versions of Windows
#
# If you would like to submit a bug report, please visit:
#   https://bugreport.java.com/bugreport/crash.jsp
# The crash happened outside the Java Virtual Machine in native code.
# See problematic frame for where to report the bug.
#

---------------  S U M M A R Y ------------

Command Line: --module-path=C:\Users\Daniel\.jdks\javafx-sdk-19\lib --add-modules=javafx.controls,javafx.fxml -javaagent:C:\Program Files\JetBrains\IntelliJ IDEA 2021.3\lib\idea_rt.jar=64698:C:\Program Files\JetBrains\IntelliJ IDEA 2021.3\bin -Dfile.encoding=UTF-8 -Dsun.stdout.encoding=UTF-8 -Dsun.stderr.encoding=UTF-8 sk.upjs.Launcher

Host: AMD Ryzen 7 5800H with Radeon Graphics         , 16 cores, 13G,  Windows 11 , 64 bit Build 22621 (10.0.22621.755)
Time: Wed Nov 23 17:36:45 2022 Central Europe Standard Time elapsed time: 2.439273 seconds (0d 0h 0m 2s)

---------------  T H R E A D  ---------------

Current thread (0x000001d4b6bcfc00):  JavaThread "QuantumRenderer-0" daemon [_thread_in_native, id=16992, stack(0x00000015f0900000,0x00000015f0a00000)]

Stack: [0x00000015f0900000,0x00000015f0a00000],  sp=0x00000015f09fda28,  free space=1014k
Native frames: (J=compiled Java code, j=interpreted, Vv=VM code, C=native code)

Java frames: (J=compiled Java code, j=interpreted, Vv=VM code)
j  com.sun.javafx.font.directwrite.OS.DrawGlyphRun(JLcom/sun/javafx/font/directwrite/D2D1_POINT_2F;Lcom/sun/javafx/font/directwrite/DWRITE_GLYPH_RUN;JI)V+0 javafx.graphics@19
j  com.sun.javafx.font.directwrite.ID2D1RenderTarget.DrawGlyphRun(Lcom/sun/javafx/font/directwrite/D2D1_POINT_2F;Lcom/sun/javafx/font/directwrite/DWRITE_GLYPH_RUN;Lcom/sun/javafx/font/directwrite/ID2D1Brush;I)V+12 javafx.graphics@19
j  com.sun.javafx.font.directwrite.DWGlyph.getD2DMask(FFZ)[B+308 javafx.graphics@19
j  com.sun.javafx.font.directwrite.DWGlyph.getPixelData(I)[B+98 javafx.graphics@19
j  com.sun.prism.impl.GlyphCache.getCachedGlyph(II)Lcom/sun/prism/impl/GlyphCache$GlyphData;+96 javafx.graphics@19
j  com.sun.prism.impl.GlyphCache.render(Lcom/sun/prism/impl/BaseContext;Lcom/sun/javafx/scene/text/GlyphList;FFIILcom/sun/prism/paint/Color;Lcom/sun/prism/paint/Color;Lcom/sun/javafx/geom/transform/BaseTransform;Lcom/sun/javafx/geom/BaseBounds;)V+157 javafx.graphics@19
j  com.sun.prism.impl.ps.BaseShaderGraphics.drawString(Lcom/sun/javafx/scene/text/GlyphList;Lcom/sun/javafx/font/FontStrike;FFLcom/sun/prism/paint/Color;II)V+816 javafx.graphics@19
j  com.sun.javafx.sg.prism.NGText.renderText(Lcom/sun/prism/Graphics;Lcom/sun/javafx/font/FontStrike;Lcom/sun/javafx/geom/BaseBounds;Lcom/sun/prism/paint/Color;I)V+198 javafx.graphics@19
j  com.sun.javafx.sg.prism.NGText.renderContent2D(Lcom/sun/prism/Graphics;Z)V+238 javafx.graphics@19
j  com.sun.javafx.sg.prism.NGShape.renderContent(Lcom/sun/prism/Graphics;)V+454 javafx.graphics@19
j  com.sun.javafx.sg.prism.NGNode.doRender(Lcom/sun/prism/Graphics;)V+330 javafx.graphics@19
j  com.sun.javafx.sg.prism.NGNode.render(Lcom/sun/prism/Graphics;)V+35 javafx.graphics@19
j  com.sun.javafx.sg.prism.NGGroup.renderContent(Lcom/sun/prism/Graphics;)V+151 javafx.graphics@19
j  com.sun.javafx.sg.prism.NGRegion.renderContent(Lcom/sun/prism/Graphics;)V+111 javafx.graphics@19
j  com.sun.javafx.sg.prism.NGNode.renderForClip(Lcom/sun/prism/Graphics;)V+17 javafx.graphics@19
j  com.sun.javafx.sg.prism.NGNode.renderClip(Lcom/sun/prism/Graphics;)V+320 javafx.graphics@19
j  com.sun.javafx.sg.prism.NGNode.doRender(Lcom/sun/prism/Graphics;)V+285 javafx.graphics@19
j  com.sun.javafx.sg.prism.NGNode.render(Lcom/sun/prism/Graphics;)V+35 javafx.graphics@19
j  com.sun.javafx.sg.prism.NGGroup.renderContent(Lcom/sun/prism/Graphics;)V+151 javafx.graphics@19
j  com.sun.javafx.sg.prism.NGRegion.renderContent(Lcom/sun/prism/Graphics;)V+111 javafx.graphics@19
j  com.sun.javafx.sg.prism.NGNode.doRender(Lcom/sun/prism/Graphics;)V+330 javafx.graphics@19
j  com.sun.javafx.sg.prism.NGNode.render(Lcom/sun/prism/Graphics;)V+35 javafx.graphics@19
j  com.sun.javafx.sg.prism.NGGroup.renderContent(Lcom/sun/prism/Graphics;)V+151 javafx.graphics@19
j  com.sun.javafx.sg.prism.NGRegion.renderContent(Lcom/sun/prism/Graphics;)V+111 javafx.graphics@19
j  com.sun.javafx.sg.prism.NGNode.doRender(Lcom/sun/prism/Graphics;)V+330 javafx.graphics@19
j  com.sun.javafx.sg.prism.NGNode.render(Lcom/sun/prism/Graphics;)V+35 javafx.graphics@19
j  com.sun.javafx.tk.quantum.ViewPainter.doPaint(Lcom/sun/prism/Graphics;Lcom/sun/javafx/sg/prism/NodePath;)V+202 javafx.graphics@19
j  com.sun.javafx.tk.quantum.ViewPainter.paintImpl(Lcom/sun/prism/Graphics;)V+970 javafx.graphics@19
j  com.sun.javafx.tk.quantum.PresentingPainter.run()V+331 javafx.graphics@19
j  java.util.concurrent.Executors$RunnableAdapter.call()Ljava/lang/Object;+4 java.base@19.0.1
j  java.util.concurrent.FutureTask.runAndReset()Z+44 java.base@19.0.1
j  com.sun.javafx.tk.RenderJob.run()V+1 javafx.graphics@19
j  java.util.concurrent.ThreadPoolExecutor.runWorker(Ljava/util/concurrent/ThreadPoolExecutor$Worker;)V+92 java.base@19.0.1
j  java.util.concurrent.ThreadPoolExecutor$Worker.run()V+5 java.base@19.0.1
j  com.sun.javafx.tk.quantum.QuantumRenderer$PipelineRunnable.run()V+8 javafx.graphics@19
j  java.lang.Thread.run()V+13 java.base@19.0.1
v  ~StubRoutines::call_stub 0x000001d49d7c100e

siginfo: EXCEPTION_ACCESS_VIOLATION (0xc0000005), data execution prevention violation at address 0x0000000000000000


Registers:
RAX=0x0000000000000000, RBX=0x0000000000000001, RCX=0x000001d4b7f54bf0, RDX=0x0000000000000002
RSP=0x00000015f09fda28, RBP=0x0000000000000000, RSI=0x00000015f09fdc40, RDI=0x000001d4b7f73308
R8 =0x0000000000000001, R9 =0x00000015f09fdc40, R10=0xfd41b67356dad870, R11=0x00000015f09fd640
R12=0x000001d4b7f8ba60, R13=0x0000000000000000, R14=0x0000000000000048, R15=0x0000000000000000
RIP=0x0000000000000000, EFLAGS=0x0000000000010206


Register to memory mapping:

RIP=0x0 is NULL
RAX=0x0 is NULL
RBX=0x0000000000000001 is an unknown value
RCX=0x000001d4b7f54bf0 points into unknown readable memory: 0x000001d4b728d998 | 98 d9 28 b7 d4 01 00 00
RDX=0x0000000000000002 is an unknown value
RSP=0x00000015f09fda28 is pointing into the stack for thread: 0x000001d4b6bcfc00
RBP=0x0 is NULL
RSI=0x00000015f09fdc40 is pointing into the stack for thread: 0x000001d4b6bcfc00
RDI=0x000001d4b7f73308 points into unknown readable memory: 0x000001d4b7f54bf0 | f0 4b f5 b7 d4 01 00 00
R8 =0x0000000000000001 is an unknown value
R9 =0x00000015f09fdc40 is pointing into the stack for thread: 0x000001d4b6bcfc00
R10=0xfd41b67356dad870 is an unknown value
R11=0x00000015f09fd640 is pointing into the stack for thread: 0x000001d4b6bcfc00
R12=0x000001d4b7f8ba60 points into unknown readable memory: 0x000001d4b7f61200 | 00 12 f6 b7 d4 01 00 00
R13=0x0 is NULL
R14=0x0000000000000048 is an unknown value
R15=0x0 is NULL


Top of Stack: (sp=0x00000015f09fda28)
0x00000015f09fda28:   00007ffb958b9e33 0000000100000057
0x00000015f09fda38:   00007ffb958deef2 0000000000001fa0
0x00000015f09fda48:   00000015f09fdb29 000001d4b7f73348
0x00000015f09fda58:   00007ffb958805ac 000001d4b7f61a48
0x00000015f09fda68:   000001d4b7f732b8 0000000000000000
0x00000015f09fda78:   00000015f09fdc40 000001d4b7f749a8
0x00000015f09fda88:   0000000000000000 00000015f09fdb29
0x00000015f09fda98:   00007ffb958b94bd 0000000000000000
0x00000015f09fdaa8:   000001d4b7f54bf0 0000000000000000
0x00000015f09fdab8:   000001d4b7f7334c 0000000000000000
0x00000015f09fdac8:   000001d4b6f0fc01 0000000000000000
0x00000015f09fdad8:   00000015f09fdaf8 000001d4b7f732f0
0x00000015f09fdae8:   00007ffb00000048 000001d4b7f8ba60
0x00000015f09fdaf8:   000001d400000000 00007ffb958dee40
0x00000015f09fdb08:   00007ffb34c78040 00000015f09fdb90
0x00000015f09fdb18:   000001d4b7f749a8 000001d48e41e270 

Instructions: (pc=0x0000000000000000)
0xffffffffffffff00:   


Stack slot to memory mapping:
stack at sp + 0 slots: 0x00007ffb958b9e33 points into unknown readable memory: 41 8b 44 24 08
stack at sp + 1 slots: 0x0000000100000057 is an unknown value
stack at sp + 2 slots: 0x00007ffb958deef2 points into unknown readable memory: 48 8b 55 30 f3 0f
stack at sp + 3 slots: 0x0000000000001fa0 is an unknown value
stack at sp + 4 slots: 0x00000015f09fdb29 is pointing into the stack for thread: 0x000001d4b6bcfc00
stack at sp + 5 slots: 0x000001d4b7f73348 points into unknown readable memory: 0x0000000500000000 | 00 00 00 00 05 00 00 00
stack at sp + 6 slots: 0x00007ffb958805ac points into unknown readable memory: 48 8b 5c 24
stack at sp + 7 slots: 0x000001d4b7f61a48 points into unknown readable memory: 0x00007ffb95b00c30 | 30 0c b0 95 fb 7f 00 00


---------------  P R O C E S S  ---------------

Threads class SMR info:
_java_thread_list=0x000001d4b6a5ef40, length=28, elements={
0x000001d48e420110, 0x000001d4b03b1070, 0x000001d4b03b1aa0, 0x000001d4b03ba770,
0x000001d4b03bb0a0, 0x000001d4b03bd9e0, 0x000001d4b03be310, 0x000001d4b03bef70,
0x000001d4b03cce00, 0x000001d4b5128080, 0x000001d4b0389130, 0x000001d4b52226e0,
0x000001d4b52aa3d0, 0x000001d4b52aa950, 0x000001d4b5b41900, 0x000001d4b689e850,
0x000001d4b6bcfc00, 0x000001d4b6022de0, 0x000001d4b65e5490, 0x000001d4b6693f50,
0x000001d4b6680830, 0x000001d4b607b520, 0x000001d4b607c510, 0x000001d4b5383000,
0x000001d4b6a84a40, 0x000001d4b6e0bdb0, 0x000001d4b607bfc0, 0x000001d4b735efc0
}

Java Threads: ( => current thread )
  0x000001d48e420110 JavaThread "main" [_thread_blocked, id=11500, stack(0x00000015ef000000,0x00000015ef100000)]
  0x000001d4b03b1070 JavaThread "Reference Handler" daemon [_thread_blocked, id=11300, stack(0x00000015ef700000,0x00000015ef800000)]
  0x000001d4b03b1aa0 JavaThread "Finalizer" daemon [_thread_blocked, id=4596, stack(0x00000015ef800000,0x00000015ef900000)]
  0x000001d4b03ba770 JavaThread "Signal Dispatcher" daemon [_thread_blocked, id=20956, stack(0x00000015ef900000,0x00000015efa00000)]
  0x000001d4b03bb0a0 JavaThread "Attach Listener" daemon [_thread_blocked, id=18780, stack(0x00000015efa00000,0x00000015efb00000)]
  0x000001d4b03bd9e0 JavaThread "Service Thread" daemon [_thread_blocked, id=23456, stack(0x00000015efb00000,0x00000015efc00000)]
  0x000001d4b03be310 JavaThread "Monitor Deflation Thread" daemon [_thread_blocked, id=1384, stack(0x00000015efc00000,0x00000015efd00000)]
  0x000001d4b03bef70 JavaThread "C2 CompilerThread0" daemon [_thread_blocked, id=14064, stack(0x00000015efd00000,0x00000015efe00000)]
  0x000001d4b03cce00 JavaThread "C1 CompilerThread0" daemon [_thread_blocked, id=14956, stack(0x00000015efe00000,0x00000015eff00000)]
  0x000001d4b5128080 JavaThread "Sweeper thread" daemon [_thread_blocked, id=21572, stack(0x00000015eff00000,0x00000015f0000000)]
  0x000001d4b0389130 JavaThread "Common-Cleaner" daemon [_thread_blocked, id=22592, stack(0x00000015f0000000,0x00000015f0100000)]
  0x000001d4b52226e0 JavaThread "C1 CompilerThread1" daemon [_thread_blocked, id=2200, stack(0x00000015f0100000,0x00000015f0200000)]
  0x000001d4b52aa3d0 JavaThread "C1 CompilerThread2" daemon [_thread_blocked, id=4128, stack(0x00000015f0200000,0x00000015f0300000)]
  0x000001d4b52aa950 JavaThread "C1 CompilerThread3" daemon [_thread_blocked, id=23724, stack(0x00000015f0300000,0x00000015f0400000)]
  0x000001d4b5b41900 JavaThread "Monitor Ctrl-Break" daemon [_thread_in_native, id=8472, stack(0x00000015f0a00000,0x00000015f0b00000)]
  0x000001d4b689e850 JavaThread "Notification Thread" daemon [_thread_blocked, id=21092, stack(0x00000015f0b00000,0x00000015f0c00000)]
=>0x000001d4b6bcfc00 JavaThread "QuantumRenderer-0" daemon [_thread_in_native, id=16992, stack(0x00000015f0900000,0x00000015f0a00000)]
  0x000001d4b6022de0 JavaThread "InvokeLaterDispatcher" daemon [_thread_blocked, id=16740, stack(0x00000015f0f00000,0x00000015f1000000)]
  0x000001d4b65e5490 JavaThread "JavaFX Application Thread" [_thread_blocked, id=12448, stack(0x00000015f1000000,0x00000015f1100000)]
  0x000001d4b6693f50 JavaThread "JavaFX-Launcher" [_thread_blocked, id=22588, stack(0x00000015f0600000,0x00000015f0700000)]
  0x000001d4b6680830 JavaThread "Thread-2" daemon [_thread_in_native, id=4896, stack(0x00000015f0500000,0x00000015f0600000)]
  0x000001d4b607b520 JavaThread "mysql-cj-abandoned-connection-cleanup" daemon [_thread_blocked, id=9816, stack(0x00000015f1e00000,0x00000015f1f00000)]
  0x000001d4b607c510 JavaThread "Prism Font Disposer" daemon [_thread_blocked, id=22776, stack(0x00000015f2000000,0x00000015f2100000)]
  0x000001d4b5383000 JavaThread "C2 CompilerThread1" daemon [_thread_blocked, id=22572, stack(0x00000015f0400000,0x00000015f0500000)]
  0x000001d4b6a84a40 JavaThread "C2 CompilerThread2" daemon [_thread_blocked, id=21172, stack(0x00000015f2800000,0x00000015f2900000)]
  0x000001d4b6e0bdb0 JavaThread "C2 CompilerThread3" daemon [_thread_blocked, id=24340, stack(0x00000015f2900000,0x00000015f2a00000)]
  0x000001d4b607bfc0 JavaThread "Cleaner-0" daemon [_thread_blocked, id=6988, stack(0x00000015f2a00000,0x00000015f2b00000)]
  0x000001d4b735efc0 JavaThread "SIGINT handler" daemon [_thread_blocked, id=21308, stack(0x00000015f2b00000,0x00000015f2c00000)]

Other Threads:
  0x000001d4b0397c80 VMThread "VM Thread" [stack: 0x00000015ef600000,0x00000015ef700000] [id=12276]
  0x000001d4b63f1310 WatcherThread "VM Periodic Task Thread" [stack: 0x00000015f0c00000,0x00000015f0d00000] [id=2124]
  0x000001d48e486d30 WorkerThread "GC Thread#0" [stack: 0x00000015ef100000,0x00000015ef200000] [id=11600]
  0x000001d4b617a370 WorkerThread "GC Thread#1" [stack: 0x00000015f0700000,0x00000015f0800000] [id=20352]
  0x000001d4b617a0a0 WorkerThread "GC Thread#2" [stack: 0x00000015f1a00000,0x00000015f1b00000] [id=10876]
  0x000001d4b617a640 WorkerThread "GC Thread#3" [stack: 0x00000015f1b00000,0x00000015f1c00000] [id=2256]
  0x000001d4b617a910 WorkerThread "GC Thread#4" [stack: 0x00000015f1c00000,0x00000015f1d00000] [id=22804]
  0x000001d4b617abe0 WorkerThread "GC Thread#5" [stack: 0x00000015f1d00000,0x00000015f1e00000] [id=9776]
  0x000001d4b6179dd0 WorkerThread "GC Thread#6" [stack: 0x00000015f1f00000,0x00000015f2000000] [id=13384]
  0x000001d4b617b450 WorkerThread "GC Thread#7" [stack: 0x00000015f2100000,0x00000015f2200000] [id=9136]
  0x000001d4b6ea6bd0 WorkerThread "GC Thread#8" [stack: 0x00000015f2200000,0x00000015f2300000] [id=2196]
  0x000001d4b6ea6ea0 WorkerThread "GC Thread#9" [stack: 0x00000015f2300000,0x00000015f2400000] [id=22348]
  0x000001d4b6ea8250 WorkerThread "GC Thread#10" [stack: 0x00000015f2400000,0x00000015f2500000] [id=20892]
  0x000001d4b6ea7170 WorkerThread "GC Thread#11" [stack: 0x00000015f2500000,0x00000015f2600000] [id=4748]
  0x000001d4b6ea9330 WorkerThread "GC Thread#12" [stack: 0x00000015f2600000,0x00000015f2700000] [id=22036]
  0x000001d48e495d50 ConcurrentGCThread "G1 Main Marker" [stack: 0x00000015ef200000,0x00000015ef300000] [id=21028]
  0x000001d48e496f20 WorkerThread "G1 Conc#0" [stack: 0x00000015ef300000,0x00000015ef400000] [id=21148]
  0x000001d48e4d8650 ConcurrentGCThread "G1 Refine#0" [stack: 0x00000015ef400000,0x00000015ef500000] [id=6620]
  0x000001d4b02554d0 ConcurrentGCThread "G1 Service" [stack: 0x00000015ef500000,0x00000015ef600000] [id=15540]

Threads with active compile tasks:

VM state: not at safepoint (normal execution)

VM Mutex/Monitor currently owned by a thread: None

Heap address: 0x0000000722400000, size: 3548 MB, Compressed Oops mode: Zero based, Oop shift amount: 3

CDS archive(s) mapped at: [0x0000000800000000-0x0000000800c30000-0x0000000800c30000), size 12779520, SharedBaseAddress: 0x0000000800000000, ArchiveRelocationMode: 0.
Compressed class space mapped at: 0x0000000801000000-0x0000000841000000, reserved size: 1073741824
Narrow klass base: 0x0000000800000000, Narrow klass shift: 0, Narrow klass range: 0x100000000

GC Precious Log:
 CardTable entry size: 512
 Card Set container configuration: InlinePtr #cards 4 size 8 Array Of Cards #cards 16 size 48 Howl #buckets 8 coarsen threshold 3686 Howl Bitmap #cards 512 size 80 coarsen threshold 460 Card regions per heap region 1 cards per card region 4096
 CPUs: 16 total, 16 available
 Memory: 14188M
 Large Page Support: Disabled
 NUMA Support: Disabled
 Compressed Oops: Enabled (Zero based)
 Heap Region Size: 2M
 Heap Min Capacity: 8M
 Heap Initial Capacity: 222M
 Heap Max Capacity: 3548M
 Pre-touch: Disabled
 Parallel Workers: 13
 Concurrent Workers: 3
 Concurrent Refinement Workers: 13
 Periodic GC: Disabled

Heap:
 garbage-first heap   total 227328K, used 31603K [0x0000000722400000, 0x0000000800000000)
  region size 2048K, 14 young (28672K), 3 survivors (6144K)
 Metaspace       used 18283K, committed 18688K, reserved 1114112K
  class space    used 2718K, committed 2944K, reserved 1048576K

Heap Regions: E=young(eden), S=young(survivor), O=old, HS=humongous(starts), HC=humongous(continues), CS=collection set, F=free, OA=open archive, CA=closed archive, TAMS=top-at-mark-start (previous, next)
|   0|0x0000000722400000, 0x0000000722600000, 0x0000000722600000|100%| O|  |TAMS 0x0000000722400000, 0x0000000722400000| Untracked 
|   1|0x0000000722600000, 0x0000000722800000, 0x0000000722800000|100%| O|  |TAMS 0x0000000722600000, 0x0000000722600000| Untracked 
|   2|0x0000000722800000, 0x0000000722810400, 0x0000000722a00000|  3%| O|  |TAMS 0x0000000722800000, 0x0000000722800000| Untracked 
|   3|0x0000000722a00000, 0x0000000722c00000, 0x0000000722c00000|100%|HS|  |TAMS 0x0000000722a00000, 0x0000000722a00000| Complete 
|   4|0x0000000722c00000, 0x0000000722c00000, 0x0000000722e00000|  0%| F|  |TAMS 0x0000000722c00000, 0x0000000722c00000| Untracked 
|   5|0x0000000722e00000, 0x0000000722e00000, 0x0000000723000000|  0%| F|  |TAMS 0x0000000722e00000, 0x0000000722e00000| Untracked 
|   6|0x0000000723000000, 0x0000000723000000, 0x0000000723200000|  0%| F|  |TAMS 0x0000000723000000, 0x0000000723000000| Untracked 
|   7|0x0000000723200000, 0x0000000723200000, 0x0000000723400000|  0%| F|  |TAMS 0x0000000723200000, 0x0000000723200000| Untracked 
|   8|0x0000000723400000, 0x0000000723400000, 0x0000000723600000|  0%| F|  |TAMS 0x0000000723400000, 0x0000000723400000| Untracked 
|   9|0x0000000723600000, 0x0000000723600000, 0x0000000723800000|  0%| F|  |TAMS 0x0000000723600000, 0x0000000723600000| Untracked 
|  10|0x0000000723800000, 0x0000000723800000, 0x0000000723a00000|  0%| F|  |TAMS 0x0000000723800000, 0x0000000723800000| Untracked 
|  11|0x0000000723a00000, 0x0000000723a00000, 0x0000000723c00000|  0%| F|  |TAMS 0x0000000723a00000, 0x0000000723a00000| Untracked 
|  12|0x0000000723c00000, 0x0000000723c00000, 0x0000000723e00000|  0%| F|  |TAMS 0x0000000723c00000, 0x0000000723c00000| Untracked 
|  13|0x0000000723e00000, 0x0000000723e00000, 0x0000000724000000|  0%| F|  |TAMS 0x0000000723e00000, 0x0000000723e00000| Untracked 
|  14|0x0000000724000000, 0x0000000724000000, 0x0000000724200000|  0%| F|  |TAMS 0x0000000724000000, 0x0000000724000000| Untracked 
|  15|0x0000000724200000, 0x0000000724200000, 0x0000000724400000|  0%| F|  |TAMS 0x0000000724200000, 0x0000000724200000| Untracked 
|  16|0x0000000724400000, 0x0000000724400000, 0x0000000724600000|  0%| F|  |TAMS 0x0000000724400000, 0x0000000724400000| Untracked 
|  17|0x0000000724600000, 0x0000000724600000, 0x0000000724800000|  0%| F|  |TAMS 0x0000000724600000, 0x0000000724600000| Untracked 
|  18|0x0000000724800000, 0x0000000724800000, 0x0000000724a00000|  0%| F|  |TAMS 0x0000000724800000, 0x0000000724800000| Untracked 
|  19|0x0000000724a00000, 0x0000000724a00000, 0x0000000724c00000|  0%| F|  |TAMS 0x0000000724a00000, 0x0000000724a00000| Untracked 
|  20|0x0000000724c00000, 0x0000000724c00000, 0x0000000724e00000|  0%| F|  |TAMS 0x0000000724c00000, 0x0000000724c00000| Untracked 
|  21|0x0000000724e00000, 0x0000000724e00000, 0x0000000725000000|  0%| F|  |TAMS 0x0000000724e00000, 0x0000000724e00000| Untracked 
|  22|0x0000000725000000, 0x0000000725000000, 0x0000000725200000|  0%| F|  |TAMS 0x0000000725000000, 0x0000000725000000| Untracked 
|  23|0x0000000725200000, 0x0000000725200000, 0x0000000725400000|  0%| F|  |TAMS 0x0000000725200000, 0x0000000725200000| Untracked 
|  24|0x0000000725400000, 0x0000000725400000, 0x0000000725600000|  0%| F|  |TAMS 0x0000000725400000, 0x0000000725400000| Untracked 
|  25|0x0000000725600000, 0x0000000725600000, 0x0000000725800000|  0%| F|  |TAMS 0x0000000725600000, 0x0000000725600000| Untracked 
|  26|0x0000000725800000, 0x0000000725800000, 0x0000000725a00000|  0%| F|  |TAMS 0x0000000725800000, 0x0000000725800000| Untracked 
|  27|0x0000000725a00000, 0x0000000725a00000, 0x0000000725c00000|  0%| F|  |TAMS 0x0000000725a00000, 0x0000000725a00000| Untracked 
|  28|0x0000000725c00000, 0x0000000725c00000, 0x0000000725e00000|  0%| F|  |TAMS 0x0000000725c00000, 0x0000000725c00000| Untracked 
|  29|0x0000000725e00000, 0x0000000725e00000, 0x0000000726000000|  0%| F|  |TAMS 0x0000000725e00000, 0x0000000725e00000| Untracked 
|  30|0x0000000726000000, 0x0000000726000000, 0x0000000726200000|  0%| F|  |TAMS 0x0000000726000000, 0x0000000726000000| Untracked 
|  31|0x0000000726200000, 0x0000000726200000, 0x0000000726400000|  0%| F|  |TAMS 0x0000000726200000, 0x0000000726200000| Untracked 
|  32|0x0000000726400000, 0x0000000726400000, 0x0000000726600000|  0%| F|  |TAMS 0x0000000726400000, 0x0000000726400000| Untracked 
|  33|0x0000000726600000, 0x0000000726600000, 0x0000000726800000|  0%| F|  |TAMS 0x0000000726600000, 0x0000000726600000| Untracked 
|  34|0x0000000726800000, 0x0000000726800000, 0x0000000726a00000|  0%| F|  |TAMS 0x0000000726800000, 0x0000000726800000| Untracked 
|  35|0x0000000726a00000, 0x0000000726a00000, 0x0000000726c00000|  0%| F|  |TAMS 0x0000000726a00000, 0x0000000726a00000| Untracked 
|  36|0x0000000726c00000, 0x0000000726c00000, 0x0000000726e00000|  0%| F|  |TAMS 0x0000000726c00000, 0x0000000726c00000| Untracked 
|  37|0x0000000726e00000, 0x0000000726e00000, 0x0000000727000000|  0%| F|  |TAMS 0x0000000726e00000, 0x0000000726e00000| Untracked 
|  38|0x0000000727000000, 0x0000000727000000, 0x0000000727200000|  0%| F|  |TAMS 0x0000000727000000, 0x0000000727000000| Untracked 
|  39|0x0000000727200000, 0x0000000727200000, 0x0000000727400000|  0%| F|  |TAMS 0x0000000727200000, 0x0000000727200000| Untracked 
|  40|0x0000000727400000, 0x0000000727400000, 0x0000000727600000|  0%| F|  |TAMS 0x0000000727400000, 0x0000000727400000| Untracked 
|  41|0x0000000727600000, 0x0000000727600000, 0x0000000727800000|  0%| F|  |TAMS 0x0000000727600000, 0x0000000727600000| Untracked 
|  42|0x0000000727800000, 0x0000000727800000, 0x0000000727a00000|  0%| F|  |TAMS 0x0000000727800000, 0x0000000727800000| Untracked 
|  43|0x0000000727a00000, 0x0000000727a00000, 0x0000000727c00000|  0%| F|  |TAMS 0x0000000727a00000, 0x0000000727a00000| Untracked 
|  44|0x0000000727c00000, 0x0000000727c00000, 0x0000000727e00000|  0%| F|  |TAMS 0x0000000727c00000, 0x0000000727c00000| Untracked 
|  45|0x0000000727e00000, 0x0000000727e00000, 0x0000000728000000|  0%| F|  |TAMS 0x0000000727e00000, 0x0000000727e00000| Untracked 
|  46|0x0000000728000000, 0x0000000728000000, 0x0000000728200000|  0%| F|  |TAMS 0x0000000728000000, 0x0000000728000000| Untracked 
|  47|0x0000000728200000, 0x0000000728200000, 0x0000000728400000|  0%| F|  |TAMS 0x0000000728200000, 0x0000000728200000| Untracked 
|  48|0x0000000728400000, 0x0000000728400000, 0x0000000728600000|  0%| F|  |TAMS 0x0000000728400000, 0x0000000728400000| Untracked 
|  49|0x0000000728600000, 0x0000000728600000, 0x0000000728800000|  0%| F|  |TAMS 0x0000000728600000, 0x0000000728600000| Untracked 
|  50|0x0000000728800000, 0x0000000728800000, 0x0000000728a00000|  0%| F|  |TAMS 0x0000000728800000, 0x0000000728800000| Untracked 
|  51|0x0000000728a00000, 0x0000000728a00000, 0x0000000728c00000|  0%| F|  |TAMS 0x0000000728a00000, 0x0000000728a00000| Untracked 
|  52|0x0000000728c00000, 0x0000000728c00000, 0x0000000728e00000|  0%| F|  |TAMS 0x0000000728c00000, 0x0000000728c00000| Untracked 
|  53|0x0000000728e00000, 0x0000000728e00000, 0x0000000729000000|  0%| F|  |TAMS 0x0000000728e00000, 0x0000000728e00000| Untracked 
|  54|0x0000000729000000, 0x0000000729000000, 0x0000000729200000|  0%| F|  |TAMS 0x0000000729000000, 0x0000000729000000| Untracked 
|  55|0x0000000729200000, 0x0000000729200000, 0x0000000729400000|  0%| F|  |TAMS 0x0000000729200000, 0x0000000729200000| Untracked 
|  56|0x0000000729400000, 0x0000000729400000, 0x0000000729600000|  0%| F|  |TAMS 0x0000000729400000, 0x0000000729400000| Untracked 
|  57|0x0000000729600000, 0x0000000729600000, 0x0000000729800000|  0%| F|  |TAMS 0x0000000729600000, 0x0000000729600000| Untracked 
|  58|0x0000000729800000, 0x0000000729800000, 0x0000000729a00000|  0%| F|  |TAMS 0x0000000729800000, 0x0000000729800000| Untracked 
|  59|0x0000000729a00000, 0x0000000729a00000, 0x0000000729c00000|  0%| F|  |TAMS 0x0000000729a00000, 0x0000000729a00000| Untracked 
|  60|0x0000000729c00000, 0x0000000729c00000, 0x0000000729e00000|  0%| F|  |TAMS 0x0000000729c00000, 0x0000000729c00000| Untracked 
|  61|0x0000000729e00000, 0x0000000729e00000, 0x000000072a000000|  0%| F|  |TAMS 0x0000000729e00000, 0x0000000729e00000| Untracked 
|  62|0x000000072a000000, 0x000000072a000000, 0x000000072a200000|  0%| F|  |TAMS 0x000000072a000000, 0x000000072a000000| Untracked 
|  63|0x000000072a200000, 0x000000072a200000, 0x000000072a400000|  0%| F|  |TAMS 0x000000072a200000, 0x000000072a200000| Untracked 
|  64|0x000000072a400000, 0x000000072a400000, 0x000000072a600000|  0%| F|  |TAMS 0x000000072a400000, 0x000000072a400000| Untracked 
|  65|0x000000072a600000, 0x000000072a600000, 0x000000072a800000|  0%| F|  |TAMS 0x000000072a600000, 0x000000072a600000| Untracked 
|  66|0x000000072a800000, 0x000000072a800000, 0x000000072aa00000|  0%| F|  |TAMS 0x000000072a800000, 0x000000072a800000| Untracked 
|  67|0x000000072aa00000, 0x000000072aa00000, 0x000000072ac00000|  0%| F|  |TAMS 0x000000072aa00000, 0x000000072aa00000| Untracked 
|  68|0x000000072ac00000, 0x000000072ac00000, 0x000000072ae00000|  0%| F|  |TAMS 0x000000072ac00000, 0x000000072ac00000| Untracked 
|  69|0x000000072ae00000, 0x000000072ae00000, 0x000000072b000000|  0%| F|  |TAMS 0x000000072ae00000, 0x000000072ae00000| Untracked 
|  70|0x000000072b000000, 0x000000072b000000, 0x000000072b200000|  0%| F|  |TAMS 0x000000072b000000, 0x000000072b000000| Untracked 
|  71|0x000000072b200000, 0x000000072b200000, 0x000000072b400000|  0%| F|  |TAMS 0x000000072b200000, 0x000000072b200000| Untracked 
|  72|0x000000072b400000, 0x000000072b400000, 0x000000072b600000|  0%| F|  |TAMS 0x000000072b400000, 0x000000072b400000| Untracked 
|  73|0x000000072b600000, 0x000000072b600000, 0x000000072b800000|  0%| F|  |TAMS 0x000000072b600000, 0x000000072b600000| Untracked 
|  74|0x000000072b800000, 0x000000072b800000, 0x000000072ba00000|  0%| F|  |TAMS 0x000000072b800000, 0x000000072b800000| Untracked 
|  75|0x000000072ba00000, 0x000000072ba00000, 0x000000072bc00000|  0%| F|  |TAMS 0x000000072ba00000, 0x000000072ba00000| Untracked 
|  76|0x000000072bc00000, 0x000000072bc00000, 0x000000072be00000|  0%| F|  |TAMS 0x000000072bc00000, 0x000000072bc00000| Untracked 
|  77|0x000000072be00000, 0x000000072be00000, 0x000000072c000000|  0%| F|  |TAMS 0x000000072be00000, 0x000000072be00000| Untracked 
|  78|0x000000072c000000, 0x000000072c000000, 0x000000072c200000|  0%| F|  |TAMS 0x000000072c000000, 0x000000072c000000| Untracked 
|  79|0x000000072c200000, 0x000000072c200000, 0x000000072c400000|  0%| F|  |TAMS 0x000000072c200000, 0x000000072c200000| Untracked 
|  80|0x000000072c400000, 0x000000072c400000, 0x000000072c600000|  0%| F|  |TAMS 0x000000072c400000, 0x000000072c400000| Untracked 
|  81|0x000000072c600000, 0x000000072c600000, 0x000000072c800000|  0%| F|  |TAMS 0x000000072c600000, 0x000000072c600000| Untracked 
|  82|0x000000072c800000, 0x000000072c800000, 0x000000072ca00000|  0%| F|  |TAMS 0x000000072c800000, 0x000000072c800000| Untracked 
|  83|0x000000072ca00000, 0x000000072ca00000, 0x000000072cc00000|  0%| F|  |TAMS 0x000000072ca00000, 0x000000072ca00000| Untracked 
|  84|0x000000072cc00000, 0x000000072cc00000, 0x000000072ce00000|  0%| F|  |TAMS 0x000000072cc00000, 0x000000072cc00000| Untracked 
|  85|0x000000072ce00000, 0x000000072ce00000, 0x000000072d000000|  0%| F|  |TAMS 0x000000072ce00000, 0x000000072ce00000| Untracked 
|  86|0x000000072d000000, 0x000000072d000000, 0x000000072d200000|  0%| F|  |TAMS 0x000000072d000000, 0x000000072d000000| Untracked 
|  87|0x000000072d200000, 0x000000072d200000, 0x000000072d400000|  0%| F|  |TAMS 0x000000072d200000, 0x000000072d200000| Untracked 
|  88|0x000000072d400000, 0x000000072d400000, 0x000000072d600000|  0%| F|  |TAMS 0x000000072d400000, 0x000000072d400000| Untracked 
|  89|0x000000072d600000, 0x000000072d600000, 0x000000072d800000|  0%| F|  |TAMS 0x000000072d600000, 0x000000072d600000| Untracked 
|  90|0x000000072d800000, 0x000000072d8cc800, 0x000000072da00000| 39%| S|CS|TAMS 0x000000072d800000, 0x000000072d800000| Complete 
|  91|0x000000072da00000, 0x000000072dc00000, 0x000000072dc00000|100%| S|CS|TAMS 0x000000072da00000, 0x000000072da00000| Complete 
|  92|0x000000072dc00000, 0x000000072de00000, 0x000000072de00000|100%| S|CS|TAMS 0x000000072dc00000, 0x000000072dc00000| Complete 
|  93|0x000000072de00000, 0x000000072de00000, 0x000000072e000000|  0%| F|  |TAMS 0x000000072de00000, 0x000000072de00000| Untracked 
|  94|0x000000072e000000, 0x000000072e000000, 0x000000072e200000|  0%| F|  |TAMS 0x000000072e000000, 0x000000072e000000| Untracked 
|  95|0x000000072e200000, 0x000000072e200000, 0x000000072e400000|  0%| F|  |TAMS 0x000000072e200000, 0x000000072e200000| Untracked 
|  96|0x000000072e400000, 0x000000072e400000, 0x000000072e600000|  0%| F|  |TAMS 0x000000072e400000, 0x000000072e400000| Untracked 
|  97|0x000000072e600000, 0x000000072e600000, 0x000000072e800000|  0%| F|  |TAMS 0x000000072e600000, 0x000000072e600000| Untracked 
|  98|0x000000072e800000, 0x000000072e800000, 0x000000072ea00000|  0%| F|  |TAMS 0x000000072e800000, 0x000000072e800000| Untracked 
|  99|0x000000072ea00000, 0x000000072ea00000, 0x000000072ec00000|  0%| F|  |TAMS 0x000000072ea00000, 0x000000072ea00000| Untracked 
| 100|0x000000072ec00000, 0x000000072ec9bb00, 0x000000072ee00000| 30%| E|  |TAMS 0x000000072ec00000, 0x000000072ec00000| Complete 
| 101|0x000000072ee00000, 0x000000072f000000, 0x000000072f000000|100%| E|CS|TAMS 0x000000072ee00000, 0x000000072ee00000| Complete 
| 102|0x000000072f000000, 0x000000072f200000, 0x000000072f200000|100%| E|CS|TAMS 0x000000072f000000, 0x000000072f000000| Complete 
| 103|0x000000072f200000, 0x000000072f400000, 0x000000072f400000|100%| E|CS|TAMS 0x000000072f200000, 0x000000072f200000| Complete 
| 104|0x000000072f400000, 0x000000072f600000, 0x000000072f600000|100%| E|CS|TAMS 0x000000072f400000, 0x000000072f400000| Complete 
| 105|0x000000072f600000, 0x000000072f800000, 0x000000072f800000|100%| E|CS|TAMS 0x000000072f600000, 0x000000072f600000| Complete 
| 106|0x000000072f800000, 0x000000072fa00000, 0x000000072fa00000|100%| E|CS|TAMS 0x000000072f800000, 0x000000072f800000| Complete 
| 107|0x000000072fa00000, 0x000000072fc00000, 0x000000072fc00000|100%| E|CS|TAMS 0x000000072fa00000, 0x000000072fa00000| Complete 
| 108|0x000000072fc00000, 0x000000072fe00000, 0x000000072fe00000|100%| E|CS|TAMS 0x000000072fc00000, 0x000000072fc00000| Complete 
| 109|0x000000072fe00000, 0x0000000730000000, 0x0000000730000000|100%| E|CS|TAMS 0x000000072fe00000, 0x000000072fe00000| Complete 
| 110|0x0000000730000000, 0x0000000730200000, 0x0000000730200000|100%| E|CS|TAMS 0x0000000730000000, 0x0000000730000000| Complete 

Card table byte_map: [0x000001d4a6300000,0x000001d4a69f0000] _byte_map_base: 0x000001d4a29ee000

Marking Bits (Prev, Next): (CMBitMap*) 0x000001d48e487360, (CMBitMap*) 0x000001d48e4873a0
 Prev Bits: [0x000001d4a70e0000, 0x000001d4aa850000)
 Next Bits: [0x000001d4aa850000, 0x000001d4adfc0000)

Polling page: 0x000001d48c3b0000

Metaspace:

Usage:
  Non-class:     15.20 MB used.
      Class:      2.65 MB used.
       Both:     17.86 MB used.

Virtual space:
  Non-class space:       64.00 MB reserved,      15.38 MB ( 24%) committed,  1 nodes.
      Class space:        1.00 GB reserved,       2.88 MB ( <1%) committed,  1 nodes.
             Both:        1.06 GB reserved,      18.25 MB (  2%) committed. 

Chunk freelists:
   Non-Class:  3.69 MB
       Class:  1.17 MB
        Both:  4.86 MB

MaxMetaspaceSize: unlimited
CompressedClassSpaceSize: 1.00 GB
Initial GC threshold: 21.00 MB
Current GC threshold: 21.00 MB
CDS: on
MetaspaceReclaimPolicy: balanced
 - commit_granule_bytes: 65536.
 - commit_granule_words: 8192.
 - virtual_space_node_default_size: 8388608.
 - enlarge_chunks_in_place: 1.
 - new_chunks_are_fully_committed: 0.
 - uncommit_free_chunks: 1.
 - use_allocation_guard: 0.


Internal statistics:

num_allocs_failed_limit: 0.
num_arena_births: 414.
num_arena_deaths: 0.
num_vsnodes_births: 2.
num_vsnodes_deaths: 0.
num_space_committed: 292.
num_space_uncommitted: 0.
num_chunks_returned_to_freelist: 0.
num_chunks_taken_from_freelist: 973.
num_chunk_merges: 0.
num_chunk_splits: 683.
num_chunks_enlarged: 530.
num_inconsistent_stats: 0.

CodeHeap 'non-profiled nmethods': size=119168Kb used=1110Kb max_used=1110Kb free=118057Kb
 bounds [0x000001d49df10000, 0x000001d49e180000, 0x000001d4a5370000]
CodeHeap 'profiled nmethods': size=119104Kb used=4917Kb max_used=4917Kb free=114186Kb
 bounds [0x000001d496370000, 0x000001d496840000, 0x000001d49d7c0000]
CodeHeap 'non-nmethods': size=7488Kb used=3219Kb max_used=3263Kb free=4269Kb
 bounds [0x000001d49d7c0000, 0x000001d49db00000, 0x000001d49df10000]
 total_blobs=3416 nmethods=2603 adapters=720
 compilation: enabled
              stopped_count=0, restarted_count=0
 full_count=0

Compilation events (20 events):
Event: 2.385 Thread 0x000001d4b52226e0 nmethod 2592 0x000001d49683b410 code [0x000001d49683b5c0, 0x000001d49683b758]
Event: 2.385 Thread 0x000001d4b52aa950 2594       3       sun.misc.Unsafe::getInt (8 bytes)
Event: 2.385 Thread 0x000001d4b03cce00 2595       3       sun.misc.Unsafe::putInt (9 bytes)
Event: 2.385 Thread 0x000001d4b52226e0 2596       3       jdk.internal.misc.Unsafe::putInt (8 bytes)
Event: 2.386 Thread 0x000001d4b52aa950 nmethod 2594 0x000001d49683b810 code [0x000001d49683b9c0, 0x000001d49683bb38]
Event: 2.386 Thread 0x000001d4b03cce00 nmethod 2595 0x000001d49683bc10 code [0x000001d49683bdc0, 0x000001d49683bf38]
Event: 2.386 Thread 0x000001d4b52226e0 nmethod 2596 0x000001d49683c010 code [0x000001d49683c1a0, 0x000001d49683c2b8]
Event: 2.393 Thread 0x000001d4b03bef70 nmethod 2277 0x000001d49e01b610 code [0x000001d49e01bcc0, 0x000001d49e021698]
Event: 2.393 Thread 0x000001d4b52aa3d0 2597       1       com.sun.prism.impl.BaseContext::isDisposed (5 bytes)
Event: 2.393 Thread 0x000001d4b52aa3d0 nmethod 2597 0x000001d49e024390 code [0x000001d49e024520, 0x000001d49e0245f8]
Event: 2.394 Thread 0x000001d4b52226e0 2598       3       java.lang.Math::max (46 bytes)
Event: 2.394 Thread 0x000001d4b52226e0 nmethod 2598 0x000001d49683c390 code [0x000001d49683c540, 0x000001d49683c898]
Event: 2.396 Thread 0x000001d4b03cce00 2599       3       java.lang.Module::isStaticallyExportedOrOpen (70 bytes)
Event: 2.396 Thread 0x000001d4b6e0bdb0 2600       4       jdk.internal.org.objectweb.asm.MethodWriter::visitCode (1 bytes)
Event: 2.396 Thread 0x000001d4b03cce00 nmethod 2599 0x000001d49683c910 code [0x000001d49683cb20, 0x000001d49683d218]
Event: 2.396 Thread 0x000001d4b6e0bdb0 nmethod 2600 0x000001d49e024690 code [0x000001d49e024800, 0x000001d49e024878]
Event: 2.399 Thread 0x000001d4b52aa950 2601       1       java.lang.reflect.Constructor::getModifiers (5 bytes)
Event: 2.399 Thread 0x000001d4b52aa950 nmethod 2601 0x000001d49e024990 code [0x000001d49e024b20, 0x000001d49e024bd8]
Event: 2.400 Thread 0x000001d4b6e0bdb0 2602   !   4       java.io.RandomAccessFile::seek (42 bytes)
Event: 2.402 Thread 0x000001d4b6e0bdb0 nmethod 2602 0x000001d49e024c90 code [0x000001d49e024e40, 0x000001d49e024f78]

GC Heap History (4 events):
Event: 0.765 GC heap before
{Heap before GC invocations=0 (full 0):
 garbage-first heap   total 227328K, used 22528K [0x0000000722400000, 0x0000000800000000)
  region size 2048K, 11 young (22528K), 0 survivors (0K)
 Metaspace       used 4404K, committed 4672K, reserved 1114112K
  class space    used 494K, committed 640K, reserved 1048576K
}
Event: 0.768 GC heap after
{Heap after GC invocations=1 (full 0):
 garbage-first heap   total 227328K, used 4252K [0x0000000722400000, 0x0000000800000000)
  region size 2048K, 2 young (4096K), 2 survivors (4096K)
 Metaspace       used 4404K, committed 4672K, reserved 1114112K
  class space    used 494K, committed 640K, reserved 1048576K
}
Event: 1.664 GC heap before
{Heap before GC invocations=1 (full 0):
 garbage-first heap   total 227328K, used 37020K [0x0000000722400000, 0x0000000800000000)
  region size 2048K, 18 young (36864K), 2 survivors (4096K)
 Metaspace       used 14451K, committed 14720K, reserved 1114112K
  class space    used 2120K, committed 2240K, reserved 1048576K
}
Event: 1.670 GC heap after
{Heap after GC invocations=2 (full 0):
 garbage-first heap   total 227328K, used 9075K [0x0000000722400000, 0x0000000800000000)
  region size 2048K, 3 young (6144K), 3 survivors (6144K)
 Metaspace       used 14451K, committed 14720K, reserved 1114112K
  class space    used 2120K, committed 2240K, reserved 1048576K
}

Dll operation events (20 events):
Event: 0.463 Loaded shared library C:\Users\Daniel\.jdks\javafx-sdk-19\bin\api-ms-win-crt-locale-l1-1-0.dll
Event: 0.464 Loaded shared library C:\Users\Daniel\.jdks\javafx-sdk-19\bin\api-ms-win-crt-math-l1-1-0.dll
Event: 0.466 Loaded shared library C:\Users\Daniel\.jdks\javafx-sdk-19\bin\api-ms-win-crt-multibyte-l1-1-0.dll
Event: 0.467 Loaded shared library C:\Users\Daniel\.jdks\javafx-sdk-19\bin\api-ms-win-crt-private-l1-1-0.dll
Event: 0.469 Loaded shared library C:\Users\Daniel\.jdks\javafx-sdk-19\bin\api-ms-win-crt-process-l1-1-0.dll
Event: 0.471 Loaded shared library C:\Users\Daniel\.jdks\javafx-sdk-19\bin\api-ms-win-crt-runtime-l1-1-0.dll
Event: 0.473 Loaded shared library C:\Users\Daniel\.jdks\javafx-sdk-19\bin\api-ms-win-crt-stdio-l1-1-0.dll
Event: 0.475 Loaded shared library C:\Users\Daniel\.jdks\javafx-sdk-19\bin\api-ms-win-crt-string-l1-1-0.dll
Event: 0.477 Loaded shared library C:\Users\Daniel\.jdks\javafx-sdk-19\bin\api-ms-win-crt-time-l1-1-0.dll
Event: 0.478 Loaded shared library C:\Users\Daniel\.jdks\javafx-sdk-19\bin\api-ms-win-crt-utility-l1-1-0.dll
Event: 0.480 Loaded shared library C:\Users\Daniel\.jdks\javafx-sdk-19\bin\ucrtbase.dll
Event: 0.482 Loaded shared library C:\Users\Daniel\.jdks\javafx-sdk-19\bin\vcruntime140.dll
Event: 0.483 Loaded shared library C:\Users\Daniel\.jdks\javafx-sdk-19\bin\vcruntime140_1.dll
Event: 0.485 Loaded shared library C:\Users\Daniel\.jdks\javafx-sdk-19\bin\msvcp140.dll
Event: 0.487 Loaded shared library C:\Users\Daniel\.jdks\javafx-sdk-19\bin\msvcp140_1.dll
Event: 0.488 Loaded shared library C:\Users\Daniel\.jdks\javafx-sdk-19\bin\msvcp140_2.dll
Event: 0.539 Loaded shared library C:\Users\Daniel\.jdks\javafx-sdk-19\bin\prism_d3d.dll
Event: 0.585 Loaded shared library C:\Users\Daniel\.jdks\javafx-sdk-19\bin\glass.dll
Event: 0.755 Loaded shared library C:\Users\Daniel\.jdks\openjdk-19.0.1\bin\jimage.dll
Event: 1.124 Loaded shared library C:\Users\Daniel\.jdks\javafx-sdk-19\bin\javafx_font.dll

Deoptimization events (20 events):
Event: 2.144 Thread 0x000001d4b65e5490 Uncommon trap: trap_request=0xffffff45 fr.pc=0x000001d49df20368 relative=0x0000000000000048
Event: 2.144 Thread 0x000001d4b65e5490 Uncommon trap: reason=unstable_if action=reinterpret pc=0x000001d49df20368 method=java.lang.CharacterData.of(I)Ljava/lang/CharacterData; @ 4 c2
Event: 2.144 Thread 0x000001d4b65e5490 DEOPT PACKING pc=0x000001d49df20368 sp=0x00000015f10fcc90
Event: 2.144 Thread 0x000001d4b65e5490 DEOPT UNPACKING pc=0x000001d49d826da3 sp=0x00000015f10fcc28 mode 2
Event: 2.150 Thread 0x000001d4b65e5490 Uncommon trap: trap_request=0xffffffc6 fr.pc=0x000001d49df9ef14 relative=0x00000000000002b4
Event: 2.150 Thread 0x000001d4b65e5490 Uncommon trap: reason=bimorphic_or_optimized_type_check action=maybe_recompile pc=0x000001d49df9ef14 method=java.util.HashMap.getNode(Ljava/lang/Object;)Ljava/util/HashMap$Node; @ 128 c2
Event: 2.150 Thread 0x000001d4b65e5490 DEOPT PACKING pc=0x000001d49df9ef14 sp=0x00000015f10fd380
Event: 2.150 Thread 0x000001d4b65e5490 DEOPT UNPACKING pc=0x000001d49d826da3 sp=0x00000015f10fd288 mode 2
Event: 2.226 Thread 0x000001d4b65e5490 Uncommon trap: trap_request=0xffffffc6 fr.pc=0x000001d49df9ef14 relative=0x00000000000002b4
Event: 2.226 Thread 0x000001d4b65e5490 Uncommon trap: reason=bimorphic_or_optimized_type_check action=maybe_recompile pc=0x000001d49df9ef14 method=java.util.HashMap.getNode(Ljava/lang/Object;)Ljava/util/HashMap$Node; @ 128 c2
Event: 2.226 Thread 0x000001d4b65e5490 DEOPT PACKING pc=0x000001d49df9ef14 sp=0x00000015f10fd040
Event: 2.226 Thread 0x000001d4b65e5490 DEOPT UNPACKING pc=0x000001d49d826da3 sp=0x00000015f10fcf48 mode 2
Event: 2.229 Thread 0x000001d4b65e5490 Uncommon trap: trap_request=0xffffffc6 fr.pc=0x000001d49df9e70c relative=0x00000000000002ac
Event: 2.229 Thread 0x000001d4b65e5490 Uncommon trap: reason=bimorphic_or_optimized_type_check action=maybe_recompile pc=0x000001d49df9e70c method=java.util.HashMap.getNode(Ljava/lang/Object;)Ljava/util/HashMap$Node; @ 128 c2
Event: 2.229 Thread 0x000001d4b65e5490 DEOPT PACKING pc=0x000001d49df9e70c sp=0x00000015f10fd330
Event: 2.229 Thread 0x000001d4b65e5490 DEOPT UNPACKING pc=0x000001d49d826da3 sp=0x00000015f10fd2a8 mode 2
Event: 2.256 Thread 0x000001d4b65e5490 Uncommon trap: trap_request=0xffffff45 fr.pc=0x000001d49df9f668 relative=0x00000000000001c8
Event: 2.256 Thread 0x000001d4b65e5490 Uncommon trap: reason=unstable_if action=reinterpret pc=0x000001d49df9f668 method=java.io.ByteArrayInputStream.read()I @ 8 c2
Event: 2.256 Thread 0x000001d4b65e5490 DEOPT PACKING pc=0x000001d49df9f668 sp=0x00000015f10fc4f0
Event: 2.256 Thread 0x000001d4b65e5490 DEOPT UNPACKING pc=0x000001d49d826da3 sp=0x00000015f10fc4a8 mode 2

Classes loaded (20 events):
Event: 2.294 Loading class java/util/concurrent/ConcurrentLinkedQueue
Event: 2.294 Loading class java/util/concurrent/ConcurrentLinkedQueue done
Event: 2.294 Loading class java/util/concurrent/ConcurrentLinkedQueue$Node
Event: 2.294 Loading class java/util/concurrent/ConcurrentLinkedQueue$Node done
Event: 2.350 Loading class java/nio/ShortBuffer
Event: 2.350 Loading class java/nio/ShortBuffer done
Event: 2.350 Loading class java/nio/FloatBuffer
Event: 2.351 Loading class java/nio/FloatBuffer done
Event: 2.351 Loading class java/nio/DoubleBuffer
Event: 2.351 Loading class java/nio/DoubleBuffer done
Event: 2.351 Loading class java/nio/DirectFloatBufferU
Event: 2.351 Loading class java/nio/DirectFloatBufferU done
Event: 2.366 Loading class jdk/internal/ref/CleanerImpl$InnocuousThreadFactory
Event: 2.366 Loading class jdk/internal/ref/CleanerImpl$InnocuousThreadFactory done
Event: 2.371 Loading class sun/misc/Unsafe
Event: 2.372 Loading class sun/misc/Unsafe done
Event: 2.372 Loading class java/lang/invoke/DirectMethodHandle$StaticAccessor
Event: 2.372 Loading class java/lang/invoke/DirectMethodHandle$StaticAccessor done
Event: 2.394 Loading class jdk/internal/misc/Signal$1
Event: 2.394 Loading class jdk/internal/misc/Signal$1 done

Classes unloaded (0 events):
No events

Classes redefined (0 events):
No events

Internal exceptions (20 events):
Event: 1.640 Thread 0x000001d4b65e5490 Exception <a 'java/lang/NoSuchMethodError'{0x000000072def47e0}: 'void java.lang.invoke.DirectMethodHandle$Holder.invokeStatic(java.lang.Object, java.lang.Object, int, java.lang.Object)'> (0x000000072def47e0) 
thrown [s\open\src\hotspot\share\interpreter\linkResolver.cpp, line 774]
Event: 1.640 Thread 0x000001d4b65e5490 Exception <a 'java/lang/NoSuchMethodError'{0x000000072defb7f8}: 'void java.lang.invoke.DelegatingMethodHandle$Holder.delegate(java.lang.Object, java.lang.Object, int, java.lang.Object)'> (0x000000072defb7f8) 
thrown [s\open\src\hotspot\share\interpreter\linkResolver.cpp, line 774]
Event: 1.640 Thread 0x000001d4b65e5490 Exception <a 'java/lang/NoSuchMethodError'{0x000000072deff8a0}: 'int java.lang.invoke.DirectMethodHandle$Holder.invokeSpecial(java.lang.Object, java.lang.Object, java.lang.Object)'> (0x000000072deff8a0) 
thrown [s\open\src\hotspot\share\interpreter\linkResolver.cpp, line 774]
Event: 1.641 Thread 0x000001d4b65e5490 Exception <a 'java/lang/NoSuchMethodError'{0x000000072df08590}: 'java.lang.Object java.lang.invoke.DirectMethodHandle$Holder.newInvokeSpecial(java.lang.Object, double, java.lang.Object)'> (0x000000072df08590) 
thrown [s\open\src\hotspot\share\interpreter\linkResolver.cpp, line 774]
Event: 1.642 Thread 0x000001d4b65e5490 Exception <a 'java/lang/NoSuchMethodError'{0x000000072df0c8d0}: 'java.lang.Object java.lang.invoke.DelegatingMethodHandle$Holder.reinvoke_L(java.lang.Object, double, java.lang.Object)'> (0x000000072df0c8d0) 
thrown [s\open\src\hotspot\share\interpreter\linkResolver.cpp, line 774]
Event: 1.645 Thread 0x000001d4b65e5490 Exception <a 'java/lang/NoSuchMethodError'{0x000000072df25330}: 'int java.lang.invoke.DirectMethodHandle$Holder.invokeSpecial(java.lang.Object, java.lang.Object, java.lang.Object, int)'> (0x000000072df25330) 
thrown [s\open\src\hotspot\share\interpreter\linkResolver.cpp, line 774]
Event: 1.646 Thread 0x000001d4b65e5490 Exception <a 'java/lang/NoSuchMethodError'{0x000000072df30088}: 'java.lang.Object java.lang.invoke.DelegatingMethodHandle$Holder.reinvoke_L(java.lang.Object, double, double, double, double, int, java.lang.Object, java.lang.Object)'> (0x000000072df30088) 
thrown [s\open\src\hotspot\share\interpreter\linkResolver.cpp, line 774]
Event: 2.122 Thread 0x000001d4b65e5490 Exception <a 'java/lang/NoSuchMethodError'{0x000000072fb8e748}: 'java.lang.Object java.lang.invoke.DirectMethodHandle$Holder.invokeInterface(java.lang.Object, java.lang.Object, java.lang.Object)'> (0x000000072fb8e748) 
thrown [s\open\src\hotspot\share\interpreter\linkResolver.cpp, line 774]
Event: 2.122 Thread 0x000001d4b65e5490 Exception <a 'java/lang/IncompatibleClassChangeError'{0x000000072fb920d8}: Found class java.lang.Object, but interface was expected> (0x000000072fb920d8) 
thrown [s\open\src\hotspot\share\interpreter\linkResolver.cpp, line 841]
Event: 2.147 Thread 0x000001d4b65e5490 Exception <a 'java/lang/NoSuchMethodError'{0x000000072f891cc0}: 'void java.lang.invoke.DirectMethodHandle$Holder.invokeSpecial(java.lang.Object, java.lang.Object, java.lang.Object, java.lang.Object, java.lang.Object, java.lang.Object)'> (0x000000072f891cc0) 
thrown [s\open\src\hotspot\share\interpreter\linkResolver.cpp, line 774]
Event: 2.172 Thread 0x000001d4b65e5490 Exception <a 'java/lang/ClassNotFoundException'{0x000000072f61ab98}: com/sun/javafx/scene/control/skin/resources/controls> (0x000000072f61ab98) 
thrown [s\open\src\hotspot\share\prims\jni.cpp, line 536]
Event: 2.173 Thread 0x000001d4b65e5490 Exception <a 'java/lang/ClassNotFoundException'{0x000000072f6289a0}: com/sun/javafx/scene/control/skin/resources/controls_en> (0x000000072f6289a0) 
thrown [s\open\src\hotspot\share\prims\jni.cpp, line 536]
Event: 2.173 Thread 0x000001d4b65e5490 Exception <a 'java/lang/ClassNotFoundException'{0x000000072f62a3b0}: com/sun/javafx/scene/control/skin/resources/controls_en_US> (0x000000072f62a3b0) 
thrown [s\open\src\hotspot\share\prims\jni.cpp, line 536]
Event: 2.260 Thread 0x000001d4b65e5490 Exception <a 'java/lang/NoSuchMethodError'{0x000000072f57fc30}: 'int java.lang.invoke.DirectMethodHandle$Holder.invokeSpecial(java.lang.Object, java.lang.Object, int)'> (0x000000072f57fc30) 
thrown [s\open\src\hotspot\share\interpreter\linkResolver.cpp, line 774]
Event: 2.282 Thread 0x000001d4b65e5490 Exception <a 'java/lang/NoSuchMethodError'{0x000000072f5d0780}: 'java.lang.Object java.lang.invoke.DirectMethodHandle$Holder.newInvokeSpecial(java.lang.Object, java.lang.Object, int)'> (0x000000072f5d0780) 
thrown [s\open\src\hotspot\share\interpreter\linkResolver.cpp, line 774]
Event: 2.295 Thread 0x000001d4b65e5490 Exception <a 'java/lang/NoSuchMethodError'{0x000000072f5f2690}: 'long java.lang.invoke.DirectMethodHandle$Holder.invokeStatic(java.lang.Object, java.lang.Object, java.lang.Object)'> (0x000000072f5f2690) 
thrown [s\open\src\hotspot\share\interpreter\linkResolver.cpp, line 774]
Event: 2.295 Thread 0x000001d4b65e5490 Exception <a 'java/lang/NoSuchMethodError'{0x000000072f5f5d08}: 'long java.lang.invoke.DirectMethodHandle$Holder.invokeStaticInit(java.lang.Object, java.lang.Object, java.lang.Object)'> (0x000000072f5f5d08) 
thrown [s\open\src\hotspot\share\interpreter\linkResolver.cpp, line 774]
Event: 2.297 Thread 0x000001d4b65e5490 Exception <a 'java/lang/NoSuchMethodError'{0x000000072f25b920}: 'java.lang.Object java.lang.invoke.DirectMethodHandle$Holder.newInvokeSpecial(java.lang.Object, java.lang.Object, long)'> (0x000000072f25b920) 
thrown [s\open\src\hotspot\share\interpreter\linkResolver.cpp, line 774]
Event: 2.298 Thread 0x000001d4b65e5490 Exception <a 'java/lang/NoSuchMethodError'{0x000000072f25f4a8}: 'java.lang.Object java.lang.invoke.Invokers$Holder.linkToTargetMethod(java.lang.Object, long, java.lang.Object)'> (0x000000072f25f4a8) 
thrown [s\open\src\hotspot\share\interpreter\linkResolver.cpp, line 774]
Event: 2.333 Thread 0x000001d4b6bcfc00 Exception <a 'java/lang/NoSuchMethodError'{0x000000072f33afd8}: 'int java.lang.invoke.DirectMethodHandle$Holder.invokeStaticInit(java.lang.Object, java.lang.Object)'> (0x000000072f33afd8) 
thrown [s\open\src\hotspot\share\interpreter\linkResolver.cpp, line 774]

VM Operations (20 events):
Event: 0.922 Executing VM operation: HandshakeAllThreads
Event: 0.922 Executing VM operation: HandshakeAllThreads done
Event: 1.215 Executing VM operation: ICBufferFull
Event: 1.215 Executing VM operation: ICBufferFull done
Event: 1.280 Executing VM operation: HandshakeAllThreads
Event: 1.280 Executing VM operation: HandshakeAllThreads done
Event: 1.325 Executing VM operation: HandshakeAllThreads
Event: 1.325 Executing VM operation: HandshakeAllThreads done
Event: 1.553 Executing VM operation: HandshakeAllThreads
Event: 1.553 Executing VM operation: HandshakeAllThreads done
Event: 1.582 Executing VM operation: HandshakeAllThreads
Event: 1.582 Executing VM operation: HandshakeAllThreads done
Event: 1.639 Executing VM operation: HandshakeAllThreads
Event: 1.639 Executing VM operation: HandshakeAllThreads done
Event: 1.664 Executing VM operation: G1CollectForAllocation
Event: 1.670 Executing VM operation: G1CollectForAllocation done
Event: 2.144 Executing VM operation: HandshakeAllThreads
Event: 2.144 Executing VM operation: HandshakeAllThreads done
Event: 2.240 Executing VM operation: ICBufferFull
Event: 2.240 Executing VM operation: ICBufferFull done

Events (20 events):
Event: 0.715 Thread 0x000001d4b5384080 Thread exited: 0x000001d4b5384080
Event: 0.715 Thread 0x000001d4b5383b00 Thread exited: 0x000001d4b5383b00
Event: 0.715 Thread 0x000001d4b5383580 Thread exited: 0x000001d4b5383580
Event: 0.729 Thread 0x000001d4b6693f50 Thread added: 0x000001d4b6693f50
Event: 0.738 Thread 0x000001d4b6680830 Thread added: 0x000001d4b6680830
Event: 0.840 Thread 0x000001d4b607b520 Thread added: 0x000001d4b607b520
Event: 1.105 Thread 0x000001d4b6daba70 Thread added: 0x000001d4b6daba70
Event: 1.474 Thread 0x000001d4b607c510 Thread added: 0x000001d4b607c510
Event: 1.563 Thread 0x000001d4b6daba70 Thread exited: 0x000001d4b6daba70
Event: 1.808 Thread 0x000001d4b5383000 Thread exited: 0x000001d4b5383000
Event: 1.831 Thread 0x000001d4b5383000 Thread added: 0x000001d4b5383000
Event: 2.253 Thread 0x000001d4b6a84a40 Thread added: 0x000001d4b6a84a40
Event: 2.263 Thread 0x000001d4b6e0bdb0 Thread added: 0x000001d4b6e0bdb0
Event: 2.367 Thread 0x000001d4b607bfc0 Thread added: 0x000001d4b607bfc0
Event: 2.394 Thread 0x000001d4b735efc0 Thread added: 0x000001d4b735efc0
Event: 2.395 Thread 0x000001d4b735f510 Thread added: 0x000001d4b735f510
Event: 2.395 Thread 0x000001d4b735a560 Thread added: 0x000001d4b735a560
Event: 2.395 Thread 0x000001d4b735b000 Thread added: 0x000001d4b735b000
Event: 2.395 Thread 0x000001d4b735f510 Thread exited: 0x000001d4b735f510
Event: 2.396 Thread 0x000001d4b735a560 Thread exited: 0x000001d4b735a560


Dynamic libraries:
0x00007ff638dc0000 - 0x00007ff638dce000 	C:\Users\Daniel\.jdks\openjdk-19.0.1\bin\java.exe
0x00007ffb9cd50000 - 0x00007ffb9cf64000 	C:\WINDOWS\SYSTEM32\ntdll.dll
0x00007ffb9bfa0000 - 0x00007ffb9c062000 	C:\WINDOWS\System32\KERNEL32.DLL
0x00007ffb9a730000 - 0x00007ffb9aacd000 	C:\WINDOWS\System32\KERNELBASE.dll
0x00007ffb9a2f0000 - 0x00007ffb9a401000 	C:\WINDOWS\System32\ucrtbase.dll
0x00007ffb4c0b0000 - 0x00007ffb4c0c7000 	C:\Users\Daniel\.jdks\openjdk-19.0.1\bin\jli.dll
0x00007ffb4b090000 - 0x00007ffb4b0ab000 	C:\Users\Daniel\.jdks\openjdk-19.0.1\bin\VCRUNTIME140.dll
0x00007ffb9c0c0000 - 0x00007ffb9c26a000 	C:\WINDOWS\System32\USER32.dll
0x00007ffb6ce90000 - 0x00007ffb6d11e000 	C:\WINDOWS\WinSxS\amd64_microsoft.windows.common-controls_6595b64144ccf1df_6.0.22621.608_none_a9444ca7c10bb01d\COMCTL32.dll
0x00007ffb9a640000 - 0x00007ffb9a666000 	C:\WINDOWS\System32\win32u.dll
0x00007ffb9bef0000 - 0x00007ffb9bf97000 	C:\WINDOWS\System32\msvcrt.dll
0x00007ffb9c270000 - 0x00007ffb9c299000 	C:\WINDOWS\System32\GDI32.dll
0x00007ffb9a480000 - 0x00007ffb9a592000 	C:\WINDOWS\System32\gdi32full.dll
0x00007ffb9a5a0000 - 0x00007ffb9a63a000 	C:\WINDOWS\System32\msvcp_win.dll
0x00007ffb9abb0000 - 0x00007ffb9abe2000 	C:\WINDOWS\System32\IMM32.DLL
0x00007ffb625c0000 - 0x00007ffb625cc000 	C:\Users\Daniel\.jdks\openjdk-19.0.1\bin\vcruntime140_1.dll
0x00007ffb37270000 - 0x00007ffb372fe000 	C:\Users\Daniel\.jdks\openjdk-19.0.1\bin\msvcp140.dll
0x00007ffb34810000 - 0x00007ffb354d0000 	C:\Users\Daniel\.jdks\openjdk-19.0.1\bin\server\jvm.dll
0x00007ffb9c480000 - 0x00007ffb9c52e000 	C:\WINDOWS\System32\ADVAPI32.dll
0x00007ffb9bb50000 - 0x00007ffb9bbf4000 	C:\WINDOWS\System32\sechost.dll
0x00007ffb9ba30000 - 0x00007ffb9bb45000 	C:\WINDOWS\System32\RPCRT4.dll
0x00007ffb6b610000 - 0x00007ffb6b619000 	C:\WINDOWS\SYSTEM32\WSOCK32.dll
0x00007ffb916a0000 - 0x00007ffb916aa000 	C:\WINDOWS\SYSTEM32\VERSION.dll
0x00007ffb9bc00000 - 0x00007ffb9bc71000 	C:\WINDOWS\System32\WS2_32.dll
0x00007ffb8d920000 - 0x00007ffb8d954000 	C:\WINDOWS\SYSTEM32\WINMM.dll
0x00007ffb992e0000 - 0x00007ffb992f8000 	C:\WINDOWS\SYSTEM32\kernel.appcore.dll
0x00007ffb620d0000 - 0x00007ffb620da000 	C:\Users\Daniel\.jdks\openjdk-19.0.1\bin\jimage.dll
0x00007ffb97c80000 - 0x00007ffb97eae000 	C:\WINDOWS\SYSTEM32\DBGHELP.DLL
0x00007ffb9b6a0000 - 0x00007ffb9ba2a000 	C:\WINDOWS\System32\combase.dll
0x00007ffb9bc80000 - 0x00007ffb9bd57000 	C:\WINDOWS\System32\OLEAUT32.dll
0x00007ffb8ba00000 - 0x00007ffb8ba32000 	C:\WINDOWS\SYSTEM32\dbgcore.DLL
0x00007ffb9aad0000 - 0x00007ffb9ab4b000 	C:\WINDOWS\System32\bcryptPrimitives.dll
0x00007ffb93b50000 - 0x00007ffb93b5e000 	C:\Users\Daniel\.jdks\openjdk-19.0.1\bin\instrument.dll
0x00007ffb37240000 - 0x00007ffb37266000 	C:\Users\Daniel\.jdks\openjdk-19.0.1\bin\java.dll
0x00007ffb37160000 - 0x00007ffb37237000 	C:\Users\Daniel\.jdks\openjdk-19.0.1\bin\jsvml.dll
0x00007ffb9c530000 - 0x00007ffb9cd10000 	C:\WINDOWS\System32\SHELL32.dll
0x00007ffb981d0000 - 0x00007ffb98a95000 	C:\WINDOWS\SYSTEM32\windows.storage.dll
0x00007ffb98090000 - 0x00007ffb981ce000 	C:\WINDOWS\SYSTEM32\wintypes.dll
0x00007ffb9bd60000 - 0x00007ffb9be51000 	C:\WINDOWS\System32\SHCORE.dll
0x00007ffb9ab50000 - 0x00007ffb9abae000 	C:\WINDOWS\System32\shlwapi.dll
0x00007ffb9a0b0000 - 0x00007ffb9a0d1000 	C:\WINDOWS\SYSTEM32\profapi.dll
0x00007ffb37140000 - 0x00007ffb37153000 	C:\Users\Daniel\.jdks\openjdk-19.0.1\bin\net.dll
0x00007ffb93720000 - 0x00007ffb9384f000 	C:\WINDOWS\SYSTEM32\WINHTTP.dll
0x00007ffb99740000 - 0x00007ffb997a9000 	C:\WINDOWS\system32\mswsock.dll
0x00007ffb37120000 - 0x00007ffb37136000 	C:\Users\Daniel\.jdks\openjdk-19.0.1\bin\nio.dll
0x00007ffb37100000 - 0x00007ffb37118000 	C:\Users\Daniel\.jdks\openjdk-19.0.1\bin\zip.dll
0x00007ffb869d0000 - 0x00007ffb869ea000 	C:\Program Files\JetBrains\IntelliJ IDEA 2021.3\bin\breakgen64.dll
0x00007ffb61b40000 - 0x00007ffb61b48000 	C:\Users\Daniel\.jdks\openjdk-19.0.1\bin\extnet.dll
0x000001d48c400000 - 0x000001d48c403000 	C:\Users\Daniel\.jdks\javafx-sdk-19\bin\api-ms-win-core-console-l1-1-0.dll
0x000001d48c410000 - 0x000001d48c413000 	C:\Users\Daniel\.jdks\javafx-sdk-19\bin\api-ms-win-core-console-l1-2-0.dll
0x000001d48c420000 - 0x000001d48c423000 	C:\Users\Daniel\.jdks\javafx-sdk-19\bin\api-ms-win-core-datetime-l1-1-0.dll
0x000001d48e3c0000 - 0x000001d48e3c3000 	C:\Users\Daniel\.jdks\javafx-sdk-19\bin\api-ms-win-core-debug-l1-1-0.dll
0x000001d48e3d0000 - 0x000001d48e3d3000 	C:\Users\Daniel\.jdks\javafx-sdk-19\bin\api-ms-win-core-errorhandling-l1-1-0.dll
0x000001d4b0fa0000 - 0x000001d4b0fa4000 	C:\Users\Daniel\.jdks\javafx-sdk-19\bin\api-ms-win-core-file-l1-1-0.dll
0x000001d4b0fb0000 - 0x000001d4b0fb3000 	C:\Users\Daniel\.jdks\javafx-sdk-19\bin\api-ms-win-core-file-l1-2-0.dll
0x000001d4b0fc0000 - 0x000001d4b0fc3000 	C:\Users\Daniel\.jdks\javafx-sdk-19\bin\api-ms-win-core-file-l2-1-0.dll
0x000001d4b0fd0000 - 0x000001d4b0fd3000 	C:\Users\Daniel\.jdks\javafx-sdk-19\bin\api-ms-win-core-handle-l1-1-0.dll
0x000001d4b0fe0000 - 0x000001d4b0fe3000 	C:\Users\Daniel\.jdks\javafx-sdk-19\bin\api-ms-win-core-heap-l1-1-0.dll
0x000001d4b0ff0000 - 0x000001d4b0ff3000 	C:\Users\Daniel\.jdks\javafx-sdk-19\bin\api-ms-win-core-interlocked-l1-1-0.dll
0x000001d4b7ca0000 - 0x000001d4b7ca3000 	C:\Users\Daniel\.jdks\javafx-sdk-19\bin\api-ms-win-core-libraryloader-l1-1-0.dll
0x000001d4b7cb0000 - 0x000001d4b7cb3000 	C:\Users\Daniel\.jdks\javafx-sdk-19\bin\api-ms-win-core-localization-l1-2-0.dll
0x000001d4b7cc0000 - 0x000001d4b7cc3000 	C:\Users\Daniel\.jdks\javafx-sdk-19\bin\api-ms-win-core-memory-l1-1-0.dll
0x000001d4b7cd0000 - 0x000001d4b7cd3000 	C:\Users\Daniel\.jdks\javafx-sdk-19\bin\api-ms-win-core-namedpipe-l1-1-0.dll
0x000001d4b7ce0000 - 0x000001d4b7ce3000 	C:\Users\Daniel\.jdks\javafx-sdk-19\bin\api-ms-win-core-processenvironment-l1-1-0.dll
0x000001d4b7cf0000 - 0x000001d4b7cf3000 	C:\Users\Daniel\.jdks\javafx-sdk-19\bin\api-ms-win-core-processthreads-l1-1-0.dll
0x000001d4b7d00000 - 0x000001d4b7d03000 	C:\Users\Daniel\.jdks\javafx-sdk-19\bin\api-ms-win-core-processthreads-l1-1-1.dll
0x000001d4b7d10000 - 0x000001d4b7d13000 	C:\Users\Daniel\.jdks\javafx-sdk-19\bin\api-ms-win-core-profile-l1-1-0.dll
0x000001d4b7d20000 - 0x000001d4b7d23000 	C:\Users\Daniel\.jdks\javafx-sdk-19\bin\api-ms-win-core-rtlsupport-l1-1-0.dll
0x000001d4b7d30000 - 0x000001d4b7d33000 	C:\Users\Daniel\.jdks\javafx-sdk-19\bin\api-ms-win-core-string-l1-1-0.dll
0x000001d4b80a0000 - 0x000001d4b80a3000 	C:\Users\Daniel\.jdks\javafx-sdk-19\bin\api-ms-win-core-synch-l1-1-0.dll
0x000001d4b80b0000 - 0x000001d4b80b3000 	C:\Users\Daniel\.jdks\javafx-sdk-19\bin\api-ms-win-core-synch-l1-2-0.dll
0x000001d4b80c0000 - 0x000001d4b80c3000 	C:\Users\Daniel\.jdks\javafx-sdk-19\bin\api-ms-win-core-sysinfo-l1-1-0.dll
0x000001d4b80d0000 - 0x000001d4b80d3000 	C:\Users\Daniel\.jdks\javafx-sdk-19\bin\api-ms-win-core-timezone-l1-1-0.dll
0x000001d4b80e0000 - 0x000001d4b80e3000 	C:\Users\Daniel\.jdks\javafx-sdk-19\bin\api-ms-win-core-util-l1-1-0.dll
0x000001d4b80f0000 - 0x000001d4b80f3000 	C:\Users\Daniel\.jdks\javafx-sdk-19\bin\api-ms-win-crt-conio-l1-1-0.dll
0x000001d4b7d40000 - 0x000001d4b7d44000 	C:\Users\Daniel\.jdks\javafx-sdk-19\bin\api-ms-win-crt-convert-l1-1-0.dll
0x000001d4b7d50000 - 0x000001d4b7d53000 	C:\Users\Daniel\.jdks\javafx-sdk-19\bin\api-ms-win-crt-environment-l1-1-0.dll
0x000001d4b7d60000 - 0x000001d4b7d63000 	C:\Users\Daniel\.jdks\javafx-sdk-19\bin\api-ms-win-crt-filesystem-l1-1-0.dll
0x000001d4b7d70000 - 0x000001d4b7d73000 	C:\Users\Daniel\.jdks\javafx-sdk-19\bin\api-ms-win-crt-heap-l1-1-0.dll
0x000001d4b7d80000 - 0x000001d4b7d83000 	C:\Users\Daniel\.jdks\javafx-sdk-19\bin\api-ms-win-crt-locale-l1-1-0.dll
0x000001d4b7d90000 - 0x000001d4b7d95000 	C:\Users\Daniel\.jdks\javafx-sdk-19\bin\api-ms-win-crt-math-l1-1-0.dll
0x000001d4b7da0000 - 0x000001d4b7da5000 	C:\Users\Daniel\.jdks\javafx-sdk-19\bin\api-ms-win-crt-multibyte-l1-1-0.dll
0x000001d4b7db0000 - 0x000001d4b7dc0000 	C:\Users\Daniel\.jdks\javafx-sdk-19\bin\api-ms-win-crt-private-l1-1-0.dll
0x000001d4b7dc0000 - 0x000001d4b7dc3000 	C:\Users\Daniel\.jdks\javafx-sdk-19\bin\api-ms-win-crt-process-l1-1-0.dll
0x000001d4b7dd0000 - 0x000001d4b7dd4000 	C:\Users\Daniel\.jdks\javafx-sdk-19\bin\api-ms-win-crt-runtime-l1-1-0.dll
0x000001d4b7de0000 - 0x000001d4b7de4000 	C:\Users\Daniel\.jdks\javafx-sdk-19\bin\api-ms-win-crt-stdio-l1-1-0.dll
0x000001d4b7df0000 - 0x000001d4b7df4000 	C:\Users\Daniel\.jdks\javafx-sdk-19\bin\api-ms-win-crt-string-l1-1-0.dll
0x000001d4b7e00000 - 0x000001d4b7e03000 	C:\Users\Daniel\.jdks\javafx-sdk-19\bin\api-ms-win-crt-time-l1-1-0.dll
0x000001d4b7e10000 - 0x000001d4b7e13000 	C:\Users\Daniel\.jdks\javafx-sdk-19\bin\api-ms-win-crt-utility-l1-1-0.dll
0x00007ffb868b0000 - 0x00007ffb869ac000 	C:\Users\Daniel\.jdks\javafx-sdk-19\bin\ucrtbase.dll
0x00007ffb86890000 - 0x00007ffb868ab000 	C:\Users\Daniel\.jdks\javafx-sdk-19\bin\vcruntime140.dll
0x00007ffb86880000 - 0x00007ffb8688c000 	C:\Users\Daniel\.jdks\javafx-sdk-19\bin\vcruntime140_1.dll
0x00007ffb867f0000 - 0x00007ffb8687e000 	C:\Users\Daniel\.jdks\javafx-sdk-19\bin\msvcp140.dll
0x00007ffb867e0000 - 0x00007ffb867e9000 	C:\Users\Daniel\.jdks\javafx-sdk-19\bin\msvcp140_1.dll
0x00007ffb867b0000 - 0x00007ffb867e0000 	C:\Users\Daniel\.jdks\javafx-sdk-19\bin\msvcp140_2.dll
0x00007ffb86780000 - 0x00007ffb867ac000 	C:\Users\Daniel\.jdks\javafx-sdk-19\bin\prism_d3d.dll
0x00007ffb78dc0000 - 0x00007ffb78f69000 	C:\WINDOWS\system32\d3d9.dll
0x00007ffb97450000 - 0x00007ffb9747b000 	C:\WINDOWS\SYSTEM32\dwmapi.dll
0x00007ffb97570000 - 0x00007ffb975a6000 	C:\WINDOWS\SYSTEM32\dxcore.dll
0x00007ffb971b0000 - 0x00007ffb9725b000 	C:\WINDOWS\system32\uxtheme.dll
0x00007ffb8dc10000 - 0x00007ffb8ddca000 	C:\WINDOWS\System32\DriverStore\FileRepository\u0381698.inf_amd64_c210a171e1a050ef\B381591\aticfx64.dll
0x00007ffb6f660000 - 0x00007ffb6f694000 	C:\WINDOWS\System32\DriverStore\FileRepository\u0381698.inf_amd64_c210a171e1a050ef\B381591\atiu9p64.dll
0x00007ffb49f90000 - 0x00007ffb4ace6000 	C:\WINDOWS\System32\DriverStore\FileRepository\u0381698.inf_amd64_c210a171e1a050ef\B381591\atiumd64.dll
0x00007ffb9b4f0000 - 0x00007ffb9b68c000 	C:\WINDOWS\System32\ole32.dll
0x000000005a190000 - 0x000000005b04f000 	C:\WINDOWS\System32\DriverStore\FileRepository\u0381698.inf_amd64_c210a171e1a050ef\B381591\atiumd6a.dll
0x00007ffb9ad70000 - 0x00007ffb9b1ea000 	C:\WINDOWS\System32\SETUPAPI.dll
0x00007ffb990b0000 - 0x00007ffb990fd000 	C:\WINDOWS\SYSTEM32\POWRPROF.dll
0x00007ffb99090000 - 0x00007ffb990a3000 	C:\WINDOWS\SYSTEM32\UMPDC.dll
0x00007ffb8c3a0000 - 0x00007ffb8c3d0000 	C:\WINDOWS\SYSTEM32\amdihk64.dll
0x00007ffb934c0000 - 0x00007ffb93509000 	C:\WINDOWS\SYSTEM32\directxdatabasehelper.dll
0x00007ffb86730000 - 0x00007ffb86772000 	C:\Users\Daniel\.jdks\javafx-sdk-19\bin\glass.dll
0x00007ffb9c2b0000 - 0x00007ffb9c3a6000 	C:\WINDOWS\System32\COMDLG32.dll
0x00007ffb76b60000 - 0x00007ffb76c98000 	C:\ProgramData\A-Volute\A-Volute.Nahimic\Modules\Scheduled\x64\AudioDevProps2.dll
0x00007ffb9abf0000 - 0x00007ffb9ad0e000 	C:\WINDOWS\System32\MSCTF.dll
0x00007ffb86710000 - 0x00007ffb86724000 	C:\Users\Daniel\.jdks\javafx-sdk-19\bin\javafx_font.dll
0x00007ffb95360000 - 0x00007ffb955c7000 	C:\WINDOWS\SYSTEM32\dwrite.dll
0x00007ffb99980000 - 0x00007ffb9999b000 	C:\WINDOWS\SYSTEM32\CRYPTSP.dll
0x00007ffb99250000 - 0x00007ffb99285000 	C:\WINDOWS\system32\rsaenh.dll
0x00007ffb99830000 - 0x00007ffb99858000 	C:\WINDOWS\SYSTEM32\USERENV.dll
0x00007ffb99b20000 - 0x00007ffb99b48000 	C:\WINDOWS\SYSTEM32\bcrypt.dll
0x00007ffb999a0000 - 0x00007ffb999ac000 	C:\WINDOWS\SYSTEM32\CRYPTBASE.dll
0x00007ffb98d60000 - 0x00007ffb98d8d000 	C:\WINDOWS\SYSTEM32\IPHLPAPI.DLL
0x000001d4b81d0000 - 0x000001d4b81d9000 	C:\WINDOWS\System32\NSI.dll
0x00007ffb93550000 - 0x00007ffb93569000 	C:\WINDOWS\SYSTEM32\dhcpcsvc6.DLL
0x00007ffb93530000 - 0x00007ffb9354f000 	C:\WINDOWS\SYSTEM32\dhcpcsvc.DLL
0x00007ffb98dd0000 - 0x00007ffb98ec2000 	C:\WINDOWS\SYSTEM32\DNSAPI.dll
0x00007ffb9b3b0000 - 0x00007ffb9b467000 	C:\WINDOWS\System32\clbcatq.dll
0x00007ffb95190000 - 0x00007ffb95340000 	C:\WINDOWS\SYSTEM32\WindowsCodecs.dll

dbghelp: loaded successfully - version: 4.0.5 - missing functions: none
symbol engine: initialized successfully - sym options: 0x614 - pdb path: .;C:\Users\Daniel\.jdks\openjdk-19.0.1\bin;C:\WINDOWS\SYSTEM32;C:\WINDOWS\WinSxS\amd64_microsoft.windows.common-controls_6595b64144ccf1df_6.0.22621.608_none_a9444ca7c10bb01d;C:\Users\Daniel\.jdks\openjdk-19.0.1\bin\server;C:\Program Files\JetBrains\IntelliJ IDEA 2021.3\bin;C:\Users\Daniel\.jdks\javafx-sdk-19\bin;C:\WINDOWS\System32\DriverStore\FileRepository\u0381698.inf_amd64_c210a171e1a050ef\B381591;C:\ProgramData\A-Volute\A-Volute.Nahimic\Modules\Scheduled\x64

VM Arguments:
jvm_args: --module-path=C:\Users\Daniel\.jdks\javafx-sdk-19\lib --add-modules=javafx.controls,javafx.fxml -javaagent:C:\Program Files\JetBrains\IntelliJ IDEA 2021.3\lib\idea_rt.jar=64698:C:\Program Files\JetBrains\IntelliJ IDEA 2021.3\bin -Dfile.encoding=UTF-8 -Dsun.stdout.encoding=UTF-8 -Dsun.stderr.encoding=UTF-8 
java_command: sk.upjs.Launcher
java_class_path (initial): C:\Users\Daniel\.jdks\javafx-sdk-19\lib;C:\Users\Daniel\.jdks\javafx-sdk-19\legal;C:\Users\Daniel\.jdks\javafx-sdk-19\lib\javafx.swing.jar;C:\Users\Daniel\.jdks\javafx-sdk-19\lib\javafx.web.jar;C:\Users\Daniel\.jdks\javafx-sdk-19\lib\javafx.base.jar;C:\Users\Daniel\.jdks\javafx-sdk-19\lib\javafx.fxml.jar;C:\Users\Daniel\.jdks\javafx-sdk-19\lib\javafx-swt.jar;C:\Users\Daniel\.jdks\javafx-sdk-19\lib\javafx.graphics.jar;C:\Users\Daniel\.jdks\javafx-sdk-19\lib\javafx.media.jar;C:\Users\Daniel\.jdks\javafx-sdk-19\lib\javafx.controls.jar;C:\Users\Daniel\Documents\Git\Bugster\target\classes;C:\Users\Daniel\.m2\repository\org\springframework\security\spring-security-core\5.7.5\spring-security-core-5.7.5.jar;C:\Users\Daniel\.m2\repository\org\springframework\security\spring-security-crypto\5.7.5\spring-security-crypto-5.7.5.jar;C:\Users\Daniel\.m2\repository\org\springframework\spring-aop\5.3.23\spring-aop-5.3.23.jar;C:\Users\Daniel\.m2\repository\org\springframework\spring-beans\5.3.23\spring-beans-5.3.23.jar;C:\Users\Daniel\.m2\repository\org\springframework\spring-context\5.3.23\spring-context-5.3.23.jar;C:\Users\Daniel\.m2\repository\org\springframework\spring-core\5.3.23\spring-core-5.3.23.jar;C:\Users\Daniel\.m2\repository\org\springframework\spring-jcl\5.3.23\spring-jcl-5.3.23.jar;C:\Users\Daniel\.m2\repository\org\springframework\spring-expression\5.3.23\spring-expression-5.3.23.jar;C:\Users\Daniel\.m2\repository\org\openjfx\javafx-controls\19\javafx-controls-19.jar;C:\Users\Daniel\.m2\repository\org\openjfx\javafx-controls\19\javafx-controls-19-win.jar;C:\Users\Daniel\.m2\repository\org\openjfx\javafx-graphics\19\javafx-graphics-19.jar;C:\Users\Daniel\.m2\repository\org\openjfx\javafx-graphics\19\javafx-graphics-19-win.jar;C:\Users\Daniel\.m2\repository\org\openjfx\javafx-base\19\javafx-base-19.jar;C:\Users\Daniel\.m2\repository\org\openjfx\javafx-base\19\javafx-base-19-win.jar;C:\Users\Daniel\.m2\repository\org\openjfx\javafx-fxml\19\javafx-fxml-19.jar;C:\Users\Daniel\.m2\repository\org\openjfx\javafx-fxml\19\javafx-fxml-19-win.jar;C:\Users\Daniel\.m2\repository\org\springframework\spring-jdbc\5.3.23\spring-jdbc-5.3.23.jar;C:\Users\Daniel\.m2\repository\org\springframework\spring-tx\5.3.23\spring-tx-5.3.23.jar;C:\Users\Daniel\.m2\repository\com\mysql\mysql-connector-j\8.0.31\mysql-connector-j-8.0.31.jar;C:\Users\Daniel\.m2\repository\com\google\protobuf\protobuf-java\3.19.4\protobuf-java-3.19.4.jar;C:\Users\Daniel\.m2\repository\ch\qos\logback\logback-classic\1.4.4\logback-classic-1.4.4.jar;C:\Users\Daniel\.m2\repository\ch\qos\logback\logback-core\1.4.4\logback-core-1.4.4.jar;C:\Users\Daniel\.m2\repository\org\slf4j\slf4j-api\2.0.1\slf4j-api-2.0.1.jar;C:\Users\Daniel\.m2\repository\io\github\palexdev\materialfx\11.13.5\materialfx-11.13.5.jar;C:\Users\Daniel\.m2\repository\io\github\palexdev\virtualizedfx\11.2.6\virtualizedfx-11.2.6.jar
Launcher Type: SUN_STANDARD

[Global flags]
     intx CICompilerCount                          = 12                                        {product} {ergonomic}
     uint ConcGCThreads                            = 3                                         {product} {ergonomic}
     uint G1ConcRefinementThreads                  = 13                                        {product} {ergonomic}
   size_t G1HeapRegionSize                         = 2097152                                   {product} {ergonomic}
    uintx GCDrainStackTargetSize                   = 64                                        {product} {ergonomic}
   size_t InitialHeapSize                          = 232783872                                 {product} {ergonomic}
   size_t MarkStackSize                            = 4194304                                   {product} {ergonomic}
   size_t MaxHeapSize                              = 3720347648                                {product} {ergonomic}
   size_t MaxNewSize                               = 2231369728                                {product} {ergonomic}
   size_t MinHeapDeltaBytes                        = 2097152                                   {product} {ergonomic}
   size_t MinHeapSize                              = 8388608                                   {product} {ergonomic}
    uintx NonNMethodCodeHeapSize                   = 7602480                                {pd product} {ergonomic}
    uintx NonProfiledCodeHeapSize                  = 122027880                              {pd product} {ergonomic}
    uintx ProfiledCodeHeapSize                     = 122027880                              {pd product} {ergonomic}
    uintx ReservedCodeCacheSize                    = 251658240                              {pd product} {ergonomic}
     bool SegmentedCodeCache                       = true                                      {product} {ergonomic}
   size_t SoftMaxHeapSize                          = 3720347648                             {manageable} {ergonomic}
     bool UseCompressedClassPointers               = true                           {product lp64_product} {ergonomic}
     bool UseCompressedOops                        = true                           {product lp64_product} {ergonomic}
     bool UseG1GC                                  = true                                      {product} {ergonomic}
     bool UseLargePagesIndividualAllocation        = false                                  {pd product} {ergonomic}

Logging:
Log output configuration:
 #0: stdout all=warning uptime,level,tags foldmultilines=false
 #1: stderr all=off uptime,level,tags foldmultilines=false

Environment Variables:
JAVA_HOME=C:\Program Files\Java\jdk-17
PATH=C:\Program Files\Eclipse Adoptium\jdk-17.0.5.8-hotspot\bin;C:\Program Files\MySQL\MySQL Server 8.0\bin;C:\Users\Daniel\AppData\Local\Programs\Python\Python310\Scripts\;C:\Users\Daniel\AppData\Local\Programs\Python\Python310\;C:\Users\Daniel\AppData\Local\Microsoft\WindowsApps;C:\Users\Daniel\AppData\Local\GitHubDesktop\bin;C:\Program Files\JetBrains\IntelliJ IDEA 2021.2.3\bin;C:\Users\Daniel\AppData\Local\Programs\Microsoft VS Code\bin;C:\Users\Daniel\AppData\Roaming\npm;C:\Users\Daniel\AppData\Local\Programs\MiKTeX\miktex\bin\x64\;%USERPROFILE%\AppData\Local\Microsoft\WindowsApps;
USERNAME=Daniel
OS=Windows_NT
PROCESSOR_IDENTIFIER=AMD64 Family 25 Model 80 Stepping 0, AuthenticAMD
TMP=C:\Users\Daniel\AppData\Local\Temp
TEMP=C:\Users\Daniel\AppData\Local\Temp



---------------  S Y S T E M  ---------------

OS:
 Windows 11 , 64 bit Build 22621 (10.0.22621.755)
OS uptime: 0 days 3:06 hours

CPU: total 16 (initial active 16) (16 cores per cpu, 2 threads per core) family 25 model 80 stepping 0 microcode 0x0, cx8, cmov, fxsr, ht, mmx, 3dnowpref, sse, sse2, sse3, ssse3, sse4a, sse4.1, sse4.2, popcnt, lzcnt, tsc, tscinvbit, avx, avx2, aes, erms, clmul, bmi1, bmi2, adx, sha, fma, vzeroupper, clflush, clflushopt, rdtscp, rdpid, fsrm

Memory: 4k page, system-wide physical 14188M (3397M free)
TotalPageFile size 28012M (AvailPageFile size 11297M)
current process WorkingSet (physical memory assigned to process): 163M, peak: 169M
current process commit charge ("private bytes"): 437M, peak: 439M

vm_info: OpenJDK 64-Bit Server VM (19.0.1+10-21) for windows-amd64 JRE (19.0.1+10-21), built on 2022-09-14T12:45:06Z by "mach5one" with MS VC++ 17.1 (VS2022)

END.
